Arguments: 
  C:\Program Files\nodejs\node.exe C:\Users\Daniel\AppData\Roaming\npm\node_modules\yarn\bin\yarn.js add typescript @types/typescript tsc-node @types/tsc-node express @types/express

PATH: 
  C:\Python310\Scripts\;C:\Python310\;C:\ProgramData\Oracle\Java\javapath;C:\Program Files (x86)\Common Files\Intel\Shared Libraries\redist\intel64\compiler;C:\Program Files\Common Files\Oracle\Java\javapath;C:\Windows\system32;C:\Windows;C:\Windows\System32\Wbem;C:\Windows\System32\WindowsPowerShell\v1.0\;C:\Windows\System32\OpenSSH\;C:\MinGW;C:\Program Files\Git\cmd;C:\ProgramData\chocolatey\bin;C:\xampp\php;C:\composer;C:\xampp\php;C:\Users\Daniel\AppData\Local\Programs\Python\Python39;C:\Users\Daniel\AppData\Local\Programs\Python\Python39\Scripts;C:\Users\Daniel\Documents\flutter\bin;C:\Users\Daniel\Documents\flutter;C:\MinGW\bin;C:\SFML;C:\SFML\bin;C:\SFML\lib;C:\Users\Daniel\AppData\Roaming\nvm;C:\Program Files\nodejs;C:\tcc;C:\v;C:\Program Files\Docker\Docker\resources\bin;C:\ProgramData\DockerDesktop\version-bin;C:\Program Files\dotnet\;C:\Program Files\dotnet\sdk\6.0.300;C:\Program Files\dotnet\sdk;C:\Users\Daniel\AppData\Local\Microsoft\WindowsApps;C:\Users\Daniel\AppData\Local\Programs\Microsoft VS Code\bin;C:\Users\Daniel\.dotnet\tools;C:\Program Files\Azure Data Studio\bin;C:\Users\Daniel\AppData\Roaming\Composer\vendor\bin;C:\Users\Daniel\AppData\Local\Programs\Python\Python39;C:\Users\Daniel\AppData\Local\Programs\Python\Python39\Scripts;C:\Program Files\JetBrains\IntelliJ IDEA Community Edition 2021.2.2\bin;;C:\Program Files\JetBrains\IntelliJ IDEA 2021.2.1\bin;;C:\Users\Daniel\AppData\Roaming\npm;D:\ArquivosDevs\apache-maven-3.8.1\bin;C:\Users\Daniel\Documents\flutter\bin;C:\Users\Daniel\Documents\flutter;C:\MinGW\bin;C:\SFML;C:\SFML\bin;C:\SFML\lib;C:\Users\Daniel\AppData\Roaming\nvm;C:\Program Files\nodejs;C:\tcc;C:\Program Files\dotnet;C:\Program Files\dotnet\sdk;C:\Program Files\dotnet\sdk\6.0.300;

Yarn version: 
  1.22.18

Node version: 
  16.13.0

Platform: 
  win32 x64

Trace: 
  Error: https://registry.yarnpkg.com/@types%2ftsc-node: Not found
      at Request.params.callback [as _callback] (C:\Users\Daniel\AppData\Roaming\npm\node_modules\yarn\lib\cli.js:66138:18)
      at Request.self.callback (C:\Users\Daniel\AppData\Roaming\npm\node_modules\yarn\lib\cli.js:140883:22)
      at Request.emit (node:events:390:28)
      at Request.<anonymous> (C:\Users\Daniel\AppData\Roaming\npm\node_modules\yarn\lib\cli.js:141855:10)
      at Request.emit (node:events:390:28)
      at IncomingMessage.<anonymous> (C:\Users\Daniel\AppData\Roaming\npm\node_modules\yarn\lib\cli.js:141777:12)
      at Object.onceWrapper (node:events:509:28)
      at IncomingMessage.emit (node:events:402:35)
      at endReadableNT (node:internal/streams/readable:1343:12)
      at processTicksAndRejections (node:internal/process/task_queues:83:21)

npm manifest: 
  {
    "name": "teste",
    "version": "1.0.0",
    "main": "./src/index.ts",
    "license": "MIT",
    "scripts": {
      "dev": "ts-node ./src/index.ts",
      "buiild": "tsc",
      "start": "node ./dist/index.js"
    }
  }

yarn manifest: 
  No manifest

Lockfile: 
  # THIS IS AN AUTOGENERATED FILE. DO NOT EDIT THIS FILE DIRECTLY.
  # yarn lockfile v1
